WSim 0.99.405svn, rev 406
copyright 2005, 2006, 2007, 2008, 2009, 2010
Citi Lab, INRIA, INSA de Lyon
mcu   : msp430
model : msp430f1611
  xin : 32768
  xt2 : 0

================
WSim stats:
-----------
  simulation user time          : 0.000 s (204 ns)
  simulation backtracks         : 0

Machine stats:
--------------
  simulated time                : 5000002167 ns (5.000 s)
  simulation speedup            : 24.51
  machine exit with signal      : none

MCU:
----
  simulated mcu instructions    : 1668330
  simulated mcu cycles          : 3750756
  simulated mcu mean freq       : 750150.88 c/s (0.75 MHz)
  simulation mean freq          : 18384977.35 c/s (18.38 MHz)
     - does not take into account sleep modes
  mcu exit at PC                : 0x445e
  mcu exit in LPM mode          : Active mode
  mcu exit with IV              : 0x0040

DEVICES:
--------
  - System Platform             :
  - Led display                 :
  - Led display                 :
  - Led display                 :
  - at45db flash memory         :
  - cc2420 radio device         :
  - ptty serial I/O             :

================
